2019-12-23 17:54:17.960  INFO 13196 --- [restartedMain] com.kry.pms.api.ApiApplication           : Starting ApiApplication on SC-201907201119 with PID 13196 (E:\kry\src\pms-server\pms-api\target\classes started by Administrator in E:\kry\src\pms-server\pms-api)
2019-12-23 17:54:18.007 DEBUG 13196 --- [restartedMain] com.kry.pms.api.ApiApplication           : Running with Spring Boot v2.1.3.RELEASE, Spring v5.1.5.RELEASE
2019-12-23 17:54:18.008  INFO 13196 --- [restartedMain] com.kry.pms.api.ApiApplication           : The following profiles are active: dev
2019-12-23 17:54:18.925  INFO 13196 --- [restartedMain] .e.DevToolsPropertyDefaultsPostProcessor : Devtools property defaults active! Set 'spring.devtools.add-properties' to 'false' to disable
2019-12-23 17:54:18.927  INFO 13196 --- [restartedMain] .e.DevToolsPropertyDefaultsPostProcessor : For additional web related logging consider setting the 'logging.level.web' property to 'DEBUG'
2019-12-23 17:54:23.600  INFO 13196 --- [restartedMain] .s.d.r.c.RepositoryConfigurationDelegate : Multiple Spring Data modules found, entering strict repository configuration mode!
2019-12-23 17:54:23.601  INFO 13196 --- [restartedMain] .s.d.r.c.RepositoryConfigurationDelegate : Bootstrapping Spring Data repositories in DEFAULT mode.
2019-12-23 17:54:24.233  INFO 13196 --- [restartedMain] .s.d.r.c.RepositoryConfigurationDelegate : Finished Spring Data repository scanning in 611ms. Found 65 repository interfaces.
2019-12-23 17:54:24.717  INFO 13196 --- [restartedMain] .s.d.r.c.RepositoryConfigurationDelegate : Multiple Spring Data modules found, entering strict repository configuration mode!
2019-12-23 17:54:24.719  INFO 13196 --- [restartedMain] .s.d.r.c.RepositoryConfigurationDelegate : Bootstrapping Spring Data repositories in DEFAULT mode.
2019-12-23 17:54:24.749  INFO 13196 --- [restartedMain] .s.d.r.c.RepositoryConfigurationDelegate : Finished Spring Data repository scanning in 11ms. Found 0 repository interfaces.
2019-12-23 17:54:25.595  INFO 13196 --- [restartedMain] trationDelegate$BeanPostProcessorChecker : Bean 'org.springframework.transaction.annotation.ProxyTransactionManagementConfiguration' of type [org.springframework.transaction.annotation.ProxyTransactionManagementConfiguration$$EnhancerBySpringCGLIB$$1de0d0a0] is not eligible for getting processed by all BeanPostProcessors (for example: not eligible for auto-proxying)
2019-12-23 17:54:25.760  INFO 13196 --- [restartedMain] trationDelegate$BeanPostProcessorChecker : Bean 'shiroConfig' of type [com.kry.pms.config.ShiroConfig$$EnhancerBySpringCGLIB$$2d869dad] is not eligible for getting processed by all BeanPostProcessors (for example: not eligible for auto-proxying)
2019-12-23 17:54:26.297  INFO 13196 --- [restartedMain] trationDelegate$BeanPostProcessorChecker : Bean '(inner bean)#2eb8923' of type [org.springframework.beans.factory.config.PropertiesFactoryBean] is not eligible for getting processed by all BeanPostProcessors (for example: not eligible for auto-proxying)
2019-12-23 17:54:26.301  INFO 13196 --- [restartedMain] trationDelegate$BeanPostProcessorChecker : Bean '(inner bean)#2eb8923' of type [java.util.Properties] is not eligible for getting processed by all BeanPostProcessors (for example: not eligible for auto-proxying)
2019-12-23 17:54:26.314  INFO 13196 --- [restartedMain] trationDelegate$BeanPostProcessorChecker : Bean '(inner bean)#1170c685' of type [org.springframework.data.repository.core.support.PropertiesBasedNamedQueries] is not eligible for getting processed by all BeanPostProcessors (for example: not eligible for auto-proxying)
2019-12-23 17:54:26.319  INFO 13196 --- [restartedMain] trationDelegate$BeanPostProcessorChecker : Bean '(inner bean)#14711085' of type [org.springframework.data.repository.core.support.RepositoryFragmentsFactoryBean] is not eligible for getting processed by all BeanPostProcessors (for example: not eligible for auto-proxying)
2019-12-23 17:54:26.323  INFO 13196 --- [restartedMain] trationDelegate$BeanPostProcessorChecker : Bean '(inner bean)#14711085' of type [org.springframework.data.repository.core.support.RepositoryComposition$RepositoryFragments] is not eligible for getting processed by all BeanPostProcessors (for example: not eligible for auto-proxying)
2019-12-23 17:54:26.345  INFO 13196 --- [restartedMain] trationDelegate$BeanPostProcessorChecker : Bean 'spring.cache-org.springframework.boot.autoconfigure.cache.CacheProperties' of type [org.springframework.boot.autoconfigure.cache.CacheProperties] is not eligible for getting processed by all BeanPostProcessors (for example: not eligible for auto-proxying)
2019-12-23 17:54:26.349  INFO 13196 --- [restartedMain] trationDelegate$BeanPostProcessorChecker : Bean 'org.springframework.boot.autoconfigure.cache.CacheAutoConfiguration' of type [org.springframework.boot.autoconfigure.cache.CacheAutoConfiguration$$EnhancerBySpringCGLIB$$5b66cb62] is not eligible for getting processed by all BeanPostProcessors (for example: not eligible for auto-proxying)
2019-12-23 17:54:26.358  INFO 13196 --- [restartedMain] trationDelegate$BeanPostProcessorChecker : Bean 'cacheManagerCustomizers' of type [org.springframework.boot.autoconfigure.cache.CacheManagerCustomizers] is not eligible for getting processed by all BeanPostProcessors (for example: not eligible for auto-proxying)
2019-12-23 17:54:26.361  INFO 13196 --- [restartedMain] trationDelegate$BeanPostProcessorChecker : Bean 'org.springframework.boot.autoconfigure.cache.RedisCacheConfiguration' of type [org.springframework.boot.autoconfigure.cache.RedisCacheConfiguration$$EnhancerBySpringCGLIB$$bf867bc] is not eligible for getting processed by all BeanPostProcessors (for example: not eligible for auto-proxying)
2019-12-23 17:54:26.435  INFO 13196 --- [restartedMain] trationDelegate$BeanPostProcessorChecker : Bean 'spring.redis-org.springframework.boot.autoconfigure.data.redis.RedisProperties' of type [org.springframework.boot.autoconfigure.data.redis.RedisProperties] is not eligible for getting processed by all BeanPostProcessors (for example: not eligible for auto-proxying)
2019-12-23 17:54:26.444  INFO 13196 --- [restartedMain] trationDelegate$BeanPostProcessorChecker : Bean 'org.springframework.boot.autoconfigure.data.redis.LettuceConnectionConfiguration' of type [org.springframework.boot.autoconfigure.data.redis.LettuceConnectionConfiguration$$EnhancerBySpringCGLIB$$32fa8eea] is not eligible for getting processed by all BeanPostProcessors (for example: not eligible for auto-proxying)
2019-12-23 17:54:26.704  INFO 13196 --- [restartedMain] trationDelegate$BeanPostProcessorChecker : Bean 'lettuceClientResources' of type [io.lettuce.core.resource.DefaultClientResources] is not eligible for getting processed by all BeanPostProcessors (for example: not eligible for auto-proxying)
2019-12-23 17:54:26.927  INFO 13196 --- [restartedMain] trationDelegate$BeanPostProcessorChecker : Bean 'redisConnectionFactory' of type [org.springframework.data.redis.connection.lettuce.LettuceConnectionFactory] is not eligible for getting processed by all BeanPostProcessors (for example: not eligible for auto-proxying)
2019-12-23 17:54:26.962  INFO 13196 --- [restartedMain] trationDelegate$BeanPostProcessorChecker : Bean 'cacheManager' of type [org.springframework.data.redis.cache.RedisCacheManager] is not eligible for getting processed by all BeanPostProcessors (for example: not eligible for auto-proxying)
2019-12-23 17:54:26.964  INFO 13196 --- [restartedMain] trationDelegate$BeanPostProcessorChecker : Bean 'org.springframework.boot.devtools.autoconfigure.DevToolsDataSourceAutoConfiguration' of type [org.springframework.boot.devtools.autoconfigure.DevToolsDataSourceAutoConfiguration$$EnhancerBySpringCGLIB$$f8a4dfd7] is not eligible for getting processed by all BeanPostProcessors (for example: not eligible for auto-proxying)
2019-12-23 17:54:26.968  INFO 13196 --- [restartedMain] trationDelegate$BeanPostProcessorChecker : Bean 'org.springframework.boot.autoconfigure.jdbc.DataSourceConfiguration$Hikari' of type [org.springframework.boot.autoconfigure.jdbc.DataSourceConfiguration$Hikari] is not eligible for getting processed by all BeanPostProcessors (for example: not eligible for auto-proxying)
2019-12-23 17:54:26.996  INFO 13196 --- [restartedMain] trationDelegate$BeanPostProcessorChecker : Bean 'spring.datasource-org.springframework.boot.autoconfigure.jdbc.DataSourceProperties' of type [org.springframework.boot.autoconfigure.jdbc.DataSourceProperties] is not eligible for getting processed by all BeanPostProcessors (for example: not eligible for auto-proxying)
2019-12-23 17:54:27.027  INFO 13196 --- [restartedMain] trationDelegate$BeanPostProcessorChecker : Bean 'dataSource' of type [com.zaxxer.hikari.HikariDataSource] is not eligible for getting processed by all BeanPostProcessors (for example: not eligible for auto-proxying)
2019-12-23 17:54:27.046  INFO 13196 --- [restartedMain] trationDelegate$BeanPostProcessorChecker : Bean 'org.springframework.boot.autoconfigure.jdbc.DataSourceInitializerInvoker' of type [org.springframework.boot.autoconfigure.jdbc.DataSourceInitializerInvoker] is not eligible for getting processed by all BeanPostProcessors (for example: not eligible for auto-proxying)
2019-12-23 17:54:27.053  INFO 13196 --- [restartedMain] trationDelegate$BeanPostProcessorChecker : Bean 'inMemoryDatabaseShutdownExecutor' of type [org.springframework.boot.devtools.autoconfigure.DevToolsDataSourceAutoConfiguration$NonEmbeddedInMemoryDatabaseShutdownExecutor] is not eligible for getting processed by all BeanPostProcessors (for example: not eligible for auto-proxying)
2019-12-23 17:54:27.063  INFO 13196 --- [restartedMain] trationDelegate$BeanPostProcessorChecker : Bean 'spring.jpa-org.springframework.boot.autoconfigure.orm.jpa.JpaProperties' of type [org.springframework.boot.autoconfigure.orm.jpa.JpaProperties] is not eligible for getting processed by all BeanPostProcessors (for example: not eligible for auto-proxying)
2019-12-23 17:54:27.071  INFO 13196 --- [restartedMain] trationDelegate$BeanPostProcessorChecker : Bean 'spring.jpa.hibernate-org.springframework.boot.autoconfigure.orm.jpa.HibernateProperties' of type [org.springframework.boot.autoconfigure.orm.jpa.HibernateProperties] is not eligible for getting processed by all BeanPostProcessors (for example: not eligible for auto-proxying)
2019-12-23 17:54:27.075  INFO 13196 --- [restartedMain] trationDelegate$BeanPostProcessorChecker : Bean 'org.springframework.boot.autoconfigure.transaction.TransactionAutoConfiguration' of type [org.springframework.boot.autoconfigure.transaction.TransactionAutoConfiguration$$EnhancerBySpringCGLIB$$b254cbaa] is not eligible for getting processed by all BeanPostProcessors (for example: not eligible for auto-proxying)
2019-12-23 17:54:27.084  INFO 13196 --- [restartedMain] trationDelegate$BeanPostProcessorChecker : Bean 'spring.transaction-org.springframework.boot.autoconfigure.transaction.TransactionProperties' of type [org.springframework.boot.autoconfigure.transaction.TransactionProperties] is not eligible for getting processed by all BeanPostProcessors (for example: not eligible for auto-proxying)
2019-12-23 17:54:27.086  INFO 13196 --- [restartedMain] trationDelegate$BeanPostProcessorChecker : Bean 'platformTransactionManagerCustomizers' of type [org.springframework.boot.autoconfigure.transaction.TransactionManagerCustomizers] is not eligible for getting processed by all BeanPostProcessors (for example: not eligible for auto-proxying)
2019-12-23 17:54:27.090  INFO 13196 --- [restartedMain] trationDelegate$BeanPostProcessorChecker : Bean 'org.springframework.boot.autoconfigure.jdbc.metadata.DataSourcePoolMetadataProvidersConfiguration$HikariPoolDataSourceMetadataProviderConfiguration' of type [org.springframework.boot.autoconfigure.jdbc.metadata.DataSourcePoolMetadataProvidersConfiguration$HikariPoolDataSourceMetadataProviderConfiguration$$EnhancerBySpringCGLIB$$7e37f884] is not eligible for getting processed by all BeanPostProcessors (for example: not eligible for auto-proxying)
2019-12-23 17:54:27.105  INFO 13196 --- [restartedMain] trationDelegate$BeanPostProcessorChecker : Bean 'hikariPoolDataSourceMetadataProvider' of type [org.springframework.boot.autoconfigure.jdbc.metadata.DataSourcePoolMetadataProvidersConfiguration$HikariPoolDataSourceMetadataProviderConfiguration$$Lambda$407/976640284] is not eligible for getting processed by all BeanPostProcessors (for example: not eligible for auto-proxying)
2019-12-23 17:54:27.167  INFO 13196 --- [restartedMain] trationDelegate$BeanPostProcessorChecker : Bean 'org.springframework.boot.autoconfigure.orm.jpa.HibernateJpaConfiguration' of type [org.springframework.boot.autoconfigure.orm.jpa.HibernateJpaConfiguration$$EnhancerBySpringCGLIB$$3cb7930f] is not eligible for getting processed by all BeanPostProcessors (for example: not eligible for auto-proxying)
2019-12-23 17:54:27.255  INFO 13196 --- [restartedMain] trationDelegate$BeanPostProcessorChecker : Bean 'jpaVendorAdapter' of type [org.springframework.orm.jpa.vendor.HibernateJpaVendorAdapter] is not eligible for getting processed by all BeanPostProcessors (for example: not eligible for auto-proxying)
2019-12-23 17:54:27.260  INFO 13196 --- [restartedMain] trationDelegate$BeanPostProcessorChecker : Bean 'entityManagerFactoryBuilder' of type [org.springframework.boot.orm.jpa.EntityManagerFactoryBuilder] is not eligible for getting processed by all BeanPostProcessors (for example: not eligible for auto-proxying)
2019-12-23 17:54:27.335  INFO 13196 --- [restartedMain] o.hibernate.jpa.internal.util.LogHelper  : HHH000204: Processing PersistenceUnitInfo [
	name: default
	...]
2019-12-23 17:54:27.437  INFO 13196 --- [restartedMain] org.hibernate.Version                    : HHH000412: Hibernate Core {5.3.7.Final}
2019-12-23 17:54:27.439  INFO 13196 --- [restartedMain] org.hibernate.cfg.Environment            : HHH000206: hibernate.properties not found
2019-12-23 17:54:27.696  INFO 13196 --- [restartedMain] o.hibernate.annotations.common.Version   : HCANN000001: Hibernate Commons Annotations {5.0.4.Final}
2019-12-23 17:54:28.175  INFO 13196 --- [restartedMain] com.zaxxer.hikari.HikariDataSource       : HikariPool-1 - Starting...
2019-12-23 17:54:29.388  INFO 13196 --- [restartedMain] com.zaxxer.hikari.HikariDataSource       : HikariPool-1 - Start completed.
2019-12-23 17:54:29.500  INFO 13196 --- [restartedMain] org.hibernate.dialect.Dialect            : HHH000400: Using dialect: org.hibernate.dialect.MySQL5InnoDBDialect
2019-12-23 17:54:30.186  WARN 13196 --- [restartedMain] org.hibernate.id.UUIDHexGenerator        : HHH000409: Using org.hibernate.id.UUIDHexGenerator which does not generate IETF RFC 4122 compliant UUID values; consider using org.hibernate.id.UUIDGenerator instead
2019-12-23 17:54:43.835  INFO 13196 --- [restartedMain] j.LocalContainerEntityManagerFactoryBean : Initialized JPA EntityManagerFactory for persistence unit 'default'
2019-12-23 17:54:43.838  INFO 13196 --- [restartedMain] trationDelegate$BeanPostProcessorChecker : Bean 'entityManagerFactory' of type [org.springframework.orm.jpa.LocalContainerEntityManagerFactoryBean] is not eligible for getting processed by all BeanPostProcessors (for example: not eligible for auto-proxying)
2019-12-23 17:54:43.843  INFO 13196 --- [restartedMain] trationDelegate$BeanPostProcessorChecker : Bean 'entityManagerFactory' of type [com.sun.proxy.$Proxy109] is not eligible for getting processed by all BeanPostProcessors (for example: not eligible for auto-proxying)
2019-12-23 17:54:43.893  INFO 13196 --- [restartedMain] trationDelegate$BeanPostProcessorChecker : Bean '(inner bean)#52abc737' of type [com.sun.proxy.$Proxy111] is not eligible for getting processed by all BeanPostProcessors (for example: not eligible for auto-proxying)
2019-12-23 17:54:43.921  INFO 13196 --- [restartedMain] trationDelegate$BeanPostProcessorChecker : Bean 'jpaMappingContext' of type [org.springframework.data.jpa.repository.config.JpaMetamodelMappingContextFactoryBean] is not eligible for getting processed by all BeanPostProcessors (for example: not eligible for auto-proxying)
2019-12-23 17:54:43.923  INFO 13196 --- [restartedMain] trationDelegate$BeanPostProcessorChecker : Bean 'jpaMappingContext' of type [org.springframework.data.jpa.mapping.JpaMetamodelMappingContext] is not eligible for getting processed by all BeanPostProcessors (for example: not eligible for auto-proxying)
2019-12-23 17:54:44.309  INFO 13196 --- [restartedMain] trationDelegate$BeanPostProcessorChecker : Bean 'userDao' of type [org.springframework.data.jpa.repository.support.JpaRepositoryFactoryBean] is not eligible for getting processed by all BeanPostProcessors (for example: not eligible for auto-proxying)
2019-12-23 17:54:44.315  INFO 13196 --- [restartedMain] trationDelegate$BeanPostProcessorChecker : Bean 'userDao' of type [com.sun.proxy.$Proxy114] is not eligible for getting processed by all BeanPostProcessors (for example: not eligible for auto-proxying)
2019-12-23 17:54:44.328  INFO 13196 --- [restartedMain] trationDelegate$BeanPostProcessorChecker : Bean 'userRealm' of type [com.kry.pms.shiro.UserRealm] is not eligible for getting processed by all BeanPostProcessors (for example: not eligible for auto-proxying)
2019-12-23 17:54:44.342  INFO 13196 --- [restartedMain] trationDelegate$BeanPostProcessorChecker : Bean 'cacheManager2' of type [org.apache.shiro.cache.MemoryConstrainedCacheManager] is not eligible for getting processed by all BeanPostProcessors (for example: not eligible for auto-proxying)
2019-12-23 17:54:44.371  INFO 13196 --- [restartedMain] trationDelegate$BeanPostProcessorChecker : Bean 'rememberMeCookie' of type [org.apache.shiro.web.servlet.SimpleCookie] is not eligible for getting processed by all BeanPostProcessors (for example: not eligible for auto-proxying)
2019-12-23 17:54:44.383  INFO 13196 --- [restartedMain] trationDelegate$BeanPostProcessorChecker : Bean 'rememberMeManager' of type [org.apache.shiro.web.mgt.CookieRememberMeManager] is not eligible for getting processed by all BeanPostProcessors (for example: not eligible for auto-proxying)
2019-12-23 17:54:44.387  INFO 13196 --- [restartedMain] trationDelegate$BeanPostProcessorChecker : Bean 'sessionDAO' of type [org.apache.shiro.session.mgt.eis.MemorySessionDAO] is not eligible for getting processed by all BeanPostProcessors (for example: not eligible for auto-proxying)
2019-12-23 17:54:44.402  INFO 13196 --- [restartedMain] trationDelegate$BeanPostProcessorChecker : Bean 'sessionManager' of type [com.kry.pms.shiro.SessionManager] is not eligible for getting processed by all BeanPostProcessors (for example: not eligible for auto-proxying)
2019-12-23 17:54:44.407  INFO 13196 --- [restartedMain] trationDelegate$BeanPostProcessorChecker : Bean 'securityManager' of type [org.apache.shiro.web.mgt.DefaultWebSecurityManager] is not eligible for getting processed by all BeanPostProcessors (for example: not eligible for auto-proxying)
2019-12-23 17:54:44.440  INFO 13196 --- [restartedMain] trationDelegate$BeanPostProcessorChecker : Bean 'authorizationAttributeSourceAdvisor' of type [org.apache.shiro.spring.security.interceptor.AuthorizationAttributeSourceAdvisor] is not eligible for getting processed by all BeanPostProcessors (for example: not eligible for auto-proxying)
2019-12-23 17:54:45.145  INFO 13196 --- [restartedMain] o.s.b.w.embedded.tomcat.TomcatWebServer  : Tomcat initialized with port(s): 8090 (http)
2019-12-23 17:54:45.202  INFO 13196 --- [restartedMain] o.apache.catalina.core.StandardService   : Starting service [Tomcat]
2019-12-23 17:54:45.202  INFO 13196 --- [restartedMain] org.apache.catalina.core.StandardEngine  : Starting Servlet engine: [Apache Tomcat/9.0.16]
2019-12-23 17:54:45.223  INFO 13196 --- [restartedMain] o.a.catalina.core.AprLifecycleListener   : The APR based Apache Tomcat Native library which allows optimal performance in production environments was not found on the java.library.path: [C:\Program Files\Java\jdk1.8.0_221\bin;C:\Windows\Sun\Java\bin;C:\Windows\system32;C:\Windows;C:/Program Files/Java/jre1.8.0_221/bin/server;C:/Program Files/Java/jre1.8.0_221/bin;C:/Program Files/Java/jre1.8.0_221/lib/amd64;C:\Program Files (x86)\NetSarang\Xftp 6\;C:\Program Files (x86)\NetSarang\Xshell 6\;C:\Program Files (x86)\Common Files\Oracle\Java\javapath;C:\Windows\system32;C:\Windows;C:\Windows\System32\Wbem;C:\Windows\System32\WindowsPowerShell\v1.0\;C:\Windows\System32\OpenSSH\;C:\Program Files\nodejs\;C:\Program Files\Git\cmd;E:\soft\gradle-6.0\bin\;C:\Users\Administrator\AppData\Local\Microsoft\WindowsApps;C:\Users\Administrator\AppData\Roaming\npm;C:\Users\Administrator\AppData\Local\Programs\Microsoft VS Code\bin;E:\soft\sts-4.4.0.RELEASE;;.]
2019-12-23 17:54:45.408  INFO 13196 --- [restartedMain] o.a.c.c.C.[Tomcat].[localhost].[/pms]    : Initializing Spring embedded WebApplicationContext
2019-12-23 17:54:45.408  INFO 13196 --- [restartedMain] o.s.web.context.ContextLoader            : Root WebApplicationContext: initialization completed in 26481 ms
2019-12-23 17:54:49.172  INFO 13196 --- [restartedMain] o.h.h.i.QueryTranslatorFactoryInitiator  : HHH000397: Using ASTQueryTranslatorFactory
2019-12-23 17:54:50.004 TRACE 13196 --- [restartedMain] o.h.type.descriptor.sql.BasicBinder      : binding parameter [1] as [INTEGER] - [0]
2019-12-23 17:54:51.129  INFO 13196 --- [restartedMain] o.s.s.c.ThreadPoolTaskScheduler          : Initializing ExecutorService 'taskScheduler'
2019-12-23 17:54:52.442  WARN 13196 --- [restartedMain] aWebConfiguration$JpaWebMvcConfiguration : spring.jpa.open-in-view is enabled by default. Therefore, database queries may be performed during view rendering. Explicitly configure spring.jpa.open-in-view to disable this warning
2019-12-23 17:54:54.970  INFO 13196 --- [restartedMain] org.quartz.impl.StdSchedulerFactory      : Using default implementation for ThreadExecutor
2019-12-23 17:54:54.984  INFO 13196 --- [restartedMain] org.quartz.simpl.SimpleThreadPool        : Job execution threads will use class loader of thread: restartedMain
2019-12-23 17:54:55.014  INFO 13196 --- [restartedMain] org.quartz.core.SchedulerSignalerImpl    : Initialized Scheduler Signaller of type: class org.quartz.core.SchedulerSignalerImpl
2019-12-23 17:54:55.014  INFO 13196 --- [restartedMain] org.quartz.core.QuartzScheduler          : Quartz Scheduler v.2.3.0 created.
2019-12-23 17:54:55.026  INFO 13196 --- [restartedMain] o.s.s.quartz.LocalDataSourceJobStore     : Using db table-based data access locking (synchronization).
2019-12-23 17:54:55.028  INFO 13196 --- [restartedMain] o.s.s.quartz.LocalDataSourceJobStore     : JobStoreCMT initialized.
2019-12-23 17:54:55.029  INFO 13196 --- [restartedMain] org.quartz.core.QuartzScheduler          : Scheduler meta-data: Quartz Scheduler (v2.3.0) 'quartzScheduler' with instanceId 'NON_CLUSTERED'
  Scheduler class: 'org.quartz.core.QuartzScheduler' - running locally.
  NOT STARTED.
  Currently in standby mode.
  Number of jobs executed: 0
  Using thread pool 'org.quartz.simpl.SimpleThreadPool' - with 10 threads.
  Using job-store 'org.springframework.scheduling.quartz.LocalDataSourceJobStore' - which supports persistence. and is not clustered.

2019-12-23 17:54:55.029  INFO 13196 --- [restartedMain] org.quartz.impl.StdSchedulerFactory      : Quartz scheduler 'quartzScheduler' initialized from an externally provided properties instance.
2019-12-23 17:54:55.029  INFO 13196 --- [restartedMain] org.quartz.impl.StdSchedulerFactory      : Quartz scheduler version: 2.3.0
2019-12-23 17:54:55.029  INFO 13196 --- [restartedMain] org.quartz.core.QuartzScheduler          : JobFactory set to: org.springframework.scheduling.quartz.SpringBeanJobFactory@9dd64f9
2019-12-23 17:54:55.396  INFO 13196 --- [restartedMain] o.s.b.d.a.OptionalLiveReloadServer       : LiveReload server is running on port 35729
2019-12-23 17:54:55.433  INFO 13196 --- [restartedMain] o.s.s.quartz.SchedulerFactoryBean        : Starting Quartz Scheduler now
2019-12-23 17:54:55.633  INFO 13196 --- [restartedMain] o.s.s.quartz.LocalDataSourceJobStore     : Freed 0 triggers from 'acquired' / 'blocked' state.
2019-12-23 17:54:55.738  INFO 13196 --- [restartedMain] o.s.s.quartz.LocalDataSourceJobStore     : Recovering 0 jobs that were in-progress at the time of the last shut-down.
2019-12-23 17:54:55.738  INFO 13196 --- [restartedMain] o.s.s.quartz.LocalDataSourceJobStore     : Recovery complete.
2019-12-23 17:54:55.739  INFO 13196 --- [restartedMain] o.s.s.quartz.LocalDataSourceJobStore     : Removed 0 'complete' triggers.
2019-12-23 17:54:55.739  INFO 13196 --- [restartedMain] o.s.s.quartz.LocalDataSourceJobStore     : Removed 0 stale fired job entries.
2019-12-23 17:54:55.740  INFO 13196 --- [restartedMain] org.quartz.core.QuartzScheduler          : Scheduler quartzScheduler_$_NON_CLUSTERED started.
2019-12-23 17:54:55.947  INFO 13196 --- [restartedMain] o.s.b.w.embedded.tomcat.TomcatWebServer  : Tomcat started on port(s): 8090 (http) with context path '/pms'
2019-12-23 17:54:55.949  INFO 13196 --- [restartedMain] com.kry.pms.api.ApiApplication           : Started ApiApplication in 39.53 seconds (JVM running for 41.487)
